<?xml version="1.0" encoding="UTF-8"?>
<!-- Generated by org.testng.reporters.JUnitReportReporter -->
<testsuite skipped="0" hostname="omnia-fixedsolutions" name="tests.ContactUsTest" tests="1" failures="0" timestamp="05 Jun 2019 21:21:34 GMT" time="3.919" errors="0">
  <testcase name="openContactUsPage" time="3.919" classname="tests.ContactUsTest"/>
</testsuite> <!-- tests.ContactUsTest -->
