<?xml version="1.0" encoding="UTF-8"?>
<!-- Generated by org.testng.reporters.JUnitReportReporter -->
<testsuite skipped="0" hostname="omnia-fixedsolutions" name="tests.UserRegisterationTest" tests="1" failures="0" timestamp="03 Jun 2019 01:33:57 GMT" time="5.975" errors="0">
  <testcase name="UserCanRegisterSuccessfully" time="5.975" classname="tests.UserRegisterationTest"/>
</testsuite> <!-- tests.UserRegisterationTest -->
