<?xml version="1.0" encoding="UTF-8"?>
<!-- Generated by org.testng.reporters.JUnitReportReporter -->
<testsuite skipped="0" hostname="omnia-fixedsolutions" name="tests.ContactUsTest" tests="1" failures="0" timestamp="15 Jun 2019 18:55:31 GMT" time="3.648" errors="0">
  <testcase name="openContactUsPage" time="3.648" classname="tests.ContactUsTest"/>
</testsuite> <!-- tests.ContactUsTest -->
