<?xml version="1.0" encoding="UTF-8"?>
<!-- Generated by org.testng.reporters.JUnitReportReporter -->
<testsuite skipped="1" hostname="omnia-fixedsolutions" name="tests.SearchProductTest" tests="1" failures="0" timestamp="16 Jun 2019 00:28:17 GMT" time="0.000" errors="0">
  <testcase name="UserCanSearchForProduct" time="0.000" classname="tests.SearchProductTest">
    <skipped/>
  </testcase> <!-- UserCanSearchForProduct -->
</testsuite> <!-- tests.SearchProductTest -->
