<?xml version="1.0" encoding="UTF-8"?>
<!-- Generated by org.testng.reporters.JUnitReportReporter -->
<testsuite skipped="0" hostname="omnia-fixedsolutions" name="tests.SearchProductTest" tests="1" failures="0" timestamp="16 Jun 2019 00:25:56 GMT" time="5.636" errors="0">
  <testcase name="UserCanSearchForProduct" time="5.636" classname="tests.SearchProductTest"/>
</testsuite> <!-- tests.SearchProductTest -->
