<?xml version="1.0" encoding="UTF-8"?>
<!-- Generated by org.testng.reporters.JUnitReportReporter -->
<testsuite skipped="0" hostname="omnia-fixedsolutions" name="tests.ContactUsTest" tests="1" failures="0" timestamp="15 Jun 2019 16:54:10 GMT" time="2.112" errors="0">
  <testcase name="openContactUsPage" time="2.112" classname="tests.ContactUsTest"/>
</testsuite> <!-- tests.ContactUsTest -->
