<?xml version="1.0" encoding="UTF-8"?>
<!-- Generated by org.testng.reporters.JUnitReportReporter -->
<testsuite skipped="0" hostname="omnia-fixedsolutions" name="tests.ContactUsTest" tests="1" failures="0" timestamp="16 Jun 2019 00:30:30 GMT" time="2.753" errors="0">
  <testcase name="openContactUsPage" time="2.753" classname="tests.ContactUsTest"/>
</testsuite> <!-- tests.ContactUsTest -->
