<?xml version="1.0" encoding="UTF-8"?>
<!-- Generated by org.testng.reporters.JUnitReportReporter -->
<testsuite skipped="0" hostname="omnia-fixedsolutions" name="tests.ContactUsTest" tests="1" failures="0" timestamp="15 Jun 2019 16:23:36 GMT" time="4.060" errors="0">
  <testcase name="openContactUsPage" time="4.060" classname="tests.ContactUsTest"/>
</testsuite> <!-- tests.ContactUsTest -->
